2017-11-07 19:05:39,702 [Worker-0] INFO  c.g.t.t.d.PublishedGradleVersions - Gradle version information cache is up-to-date. Trying to read.
2017-11-07 19:08:13,277 [Worker-5] INFO  o.e.m.c.i.l.LifecycleMappingFactory - Using DEFAULT lifecycle mapping for MavenProject: edu.stanford.protege:protege.plugin.examples:2.0.0-SNAPSHOT @ /home/emira/git/protege-plugin-examples/pom.xml.
2017-11-07 19:08:14,220 [Worker-5] INFO  o.e.m.j.i.AbstractJavaProjectConfigurator - Adding source folder /protege.plugin.examples/src/main/java
2017-11-07 19:08:14,222 [Worker-5] INFO  o.e.m.j.i.AbstractJavaProjectConfigurator - Adding resource folder /protege.plugin.examples/src/main/resources
2017-11-07 19:08:14,225 [Worker-5] INFO  o.e.m.j.i.AbstractJavaProjectConfigurator - Adding source folder /protege.plugin.examples/src/test/java
2017-11-07 19:08:15,017 [Worker-5] INFO  o.e.m.c.i.p.ProjectConfigurationManager - Imported and configured 1 project(s) in 3 sec
2017-11-07 19:08:17,100 [Worker-7] INFO  o.e.m.c.i.embedder.EclipseLogger - Using 'UTF-8' encoding to copy filtered resources.
2017-11-07 19:08:17,199 [Worker-7] INFO  o.e.m.c.i.embedder.EclipseLogger - Copying 3 resources
2017-11-07 19:08:17,278 [Worker-7] INFO  o.e.m.c.i.embedder.EclipseLogger - Using 'UTF-8' encoding to copy filtered resources.
2017-11-07 19:08:17,278 [Worker-7] INFO  o.e.m.c.i.embedder.EclipseLogger - skip non existing resourceDirectory /home/emira/git/protege-plugin-examples/src/test/resources
2017-11-07 19:22:53,508 [Worker-0] INFO  o.e.m.c.i.embedder.EclipseLogger - Using 'UTF-8' encoding to copy filtered resources.
2017-11-07 19:22:53,514 [Worker-0] INFO  o.e.m.c.i.embedder.EclipseLogger - Copying 3 resources
2017-11-07 19:22:53,523 [Worker-0] INFO  o.e.m.c.i.embedder.EclipseLogger - Using 'UTF-8' encoding to copy filtered resources.
2017-11-07 19:22:53,523 [Worker-0] INFO  o.e.m.c.i.embedder.EclipseLogger - skip non existing resourceDirectory /home/emira/git/protege-plugin-examples/src/test/resources
2017-11-07 19:26:23,260 [Worker-18] INFO  o.e.m.c.i.embedder.EclipseLogger - Using 'UTF-8' encoding to copy filtered resources.
2017-11-07 19:26:23,261 [Worker-18] INFO  o.e.m.c.i.embedder.EclipseLogger - Copying 3 resources
2017-11-07 19:26:23,268 [Worker-18] INFO  o.e.m.c.i.embedder.EclipseLogger - Using 'UTF-8' encoding to copy filtered resources.
2017-11-07 19:26:23,268 [Worker-18] INFO  o.e.m.c.i.embedder.EclipseLogger - skip non existing resourceDirectory /home/emira/git/protege-plugin-examples/src/test/resources
2017-11-07 19:26:35,522 [Worker-19] INFO  o.e.m.c.i.embedder.EclipseLogger - Using 'UTF-8' encoding to copy filtered resources.
2017-11-07 19:26:35,536 [Worker-19] INFO  o.e.m.c.i.embedder.EclipseLogger - Copying 3 resources
2017-11-07 19:26:35,558 [Worker-19] INFO  o.e.m.c.i.embedder.EclipseLogger - Using 'UTF-8' encoding to copy filtered resources.
2017-11-07 19:26:35,558 [Worker-19] INFO  o.e.m.c.i.embedder.EclipseLogger - skip non existing resourceDirectory /home/emira/git/protege-plugin-examples/src/test/resources
2017-11-07 19:32:39,741 [Worker-19] INFO  o.e.m.c.i.embedder.EclipseLogger - Using 'UTF-8' encoding to copy filtered resources.
2017-11-07 19:32:39,741 [Worker-19] INFO  o.e.m.c.i.embedder.EclipseLogger - Copying 3 resources
2017-11-07 19:32:39,744 [Worker-19] INFO  o.e.m.c.i.embedder.EclipseLogger - Using 'UTF-8' encoding to copy filtered resources.
2017-11-07 19:32:39,744 [Worker-19] INFO  o.e.m.c.i.embedder.EclipseLogger - skip non existing resourceDirectory /home/emira/git/protege-plugin-examples/src/test/resources
2017-11-07 19:33:57,348 [Worker-19] INFO  o.e.m.i.launch.MavenLaunchDelegate - /home/emira/git/protege-plugin-examples
2017-11-07 19:33:57,349 [Worker-19] INFO  o.e.m.i.launch.MavenLaunchDelegate -  mvn -B 
2017-11-07 19:34:14,856 [Worker-19] INFO  o.e.m.i.launch.MavenLaunchDelegate - /home/emira/git/protege-plugin-examples
2017-11-07 19:34:14,856 [Worker-19] INFO  o.e.m.i.launch.MavenLaunchDelegate -  mvn -B 
2017-11-07 19:35:12,095 [Worker-19] INFO  o.e.m.i.launch.MavenLaunchDelegate - /home/emira/git/protege-plugin-examples
2017-11-07 19:35:12,096 [Worker-19] INFO  o.e.m.i.launch.MavenLaunchDelegate -  mvn -B -s /home/emira/git/protege-plugin-examples/src/main/java/edu/stanford/bmir/protege 
2017-11-07 19:35:42,504 [Worker-21] INFO  o.e.m.c.i.embedder.EclipseLogger - Using 'UTF-8' encoding to copy filtered resources.
2017-11-07 19:35:42,504 [Worker-21] INFO  o.e.m.c.i.embedder.EclipseLogger - Copying 0 resource
2017-11-07 19:35:42,506 [Worker-21] INFO  o.e.m.c.i.embedder.EclipseLogger - Using 'UTF-8' encoding to copy filtered resources.
2017-11-07 19:35:42,506 [Worker-21] INFO  o.e.m.c.i.embedder.EclipseLogger - skip non existing resourceDirectory /home/emira/git/protege-plugin-examples/src/test/resources
2017-11-07 19:36:53,357 [Worker-25] INFO  o.e.m.i.launch.MavenLaunchDelegate - /home/emira/git/protege-plugin-examples
2017-11-07 19:36:53,357 [Worker-25] INFO  o.e.m.i.launch.MavenLaunchDelegate -  mvn -B -s /home/emira/git/protege-plugin-examples 
2017-11-07 19:46:01,538 [Worker-26] INFO  o.e.m.c.i.embedder.EclipseLogger - Using 'UTF-8' encoding to copy filtered resources.
2017-11-07 19:46:01,539 [Worker-26] INFO  o.e.m.c.i.embedder.EclipseLogger - Copying 3 resources
2017-11-07 19:46:01,542 [Worker-26] INFO  o.e.m.c.i.embedder.EclipseLogger - Using 'UTF-8' encoding to copy filtered resources.
2017-11-07 19:46:01,543 [Worker-26] INFO  o.e.m.c.i.embedder.EclipseLogger - skip non existing resourceDirectory /home/emira/git/protege-plugin-examples/src/test/resources
2017-11-07 19:53:58,231 [Worker-20] INFO  o.e.m.i.launch.MavenLaunchDelegate - /home/emira/git/protege-plugin-examples
2017-11-07 19:53:58,231 [Worker-20] INFO  o.e.m.i.launch.MavenLaunchDelegate -  mvn -B -s /home/emira/git/protege-plugin-examples Metrics
2017-11-07 20:05:45,273 [Worker-26] INFO  o.e.m.c.i.embedder.EclipseLogger - Using 'UTF-8' encoding to copy filtered resources.
2017-11-07 20:05:45,280 [Worker-26] INFO  o.e.m.c.i.embedder.EclipseLogger - Copying 3 resources
2017-11-07 20:05:45,295 [Worker-26] INFO  o.e.m.c.i.embedder.EclipseLogger - Using 'UTF-8' encoding to copy filtered resources.
2017-11-07 20:05:45,295 [Worker-26] INFO  o.e.m.c.i.embedder.EclipseLogger - skip non existing resourceDirectory /home/emira/git/protege-plugin-examples/src/test/resources
2017-11-07 20:07:52,367 [Worker-34] INFO  o.e.m.c.i.embedder.EclipseLogger - Using 'UTF-8' encoding to copy filtered resources.
2017-11-07 20:07:52,367 [Worker-34] INFO  o.e.m.c.i.embedder.EclipseLogger - Copying 3 resources
2017-11-07 20:07:52,370 [Worker-34] INFO  o.e.m.c.i.embedder.EclipseLogger - Using 'UTF-8' encoding to copy filtered resources.
2017-11-07 20:07:52,370 [Worker-34] INFO  o.e.m.c.i.embedder.EclipseLogger - skip non existing resourceDirectory /home/emira/git/protege-plugin-examples/src/test/resources
2017-11-07 20:08:07,003 [Worker-34] INFO  o.e.m.c.i.embedder.EclipseLogger - Using 'UTF-8' encoding to copy filtered resources.
2017-11-07 20:08:07,004 [Worker-34] INFO  o.e.m.c.i.embedder.EclipseLogger - Copying 3 resources
2017-11-07 20:08:07,010 [Worker-34] INFO  o.e.m.c.i.embedder.EclipseLogger - Using 'UTF-8' encoding to copy filtered resources.
2017-11-07 20:08:07,010 [Worker-34] INFO  o.e.m.c.i.embedder.EclipseLogger - skip non existing resourceDirectory /home/emira/git/protege-plugin-examples/src/test/resources
2017-11-07 20:09:27,141 [Worker-36] INFO  o.e.m.c.i.embedder.EclipseLogger - Using 'UTF-8' encoding to copy filtered resources.
2017-11-07 20:09:27,142 [Worker-36] INFO  o.e.m.c.i.embedder.EclipseLogger - Copying 3 resources
2017-11-07 20:09:27,147 [Worker-36] INFO  o.e.m.c.i.embedder.EclipseLogger - Using 'UTF-8' encoding to copy filtered resources.
2017-11-07 20:09:27,147 [Worker-36] INFO  o.e.m.c.i.embedder.EclipseLogger - skip non existing resourceDirectory /home/emira/git/protege-plugin-examples/src/test/resources
2017-11-07 20:13:58,910 [Worker-35] INFO  o.e.m.c.i.embedder.EclipseLogger - Using 'UTF-8' encoding to copy filtered resources.
2017-11-07 20:13:58,911 [Worker-35] INFO  o.e.m.c.i.embedder.EclipseLogger - Copying 3 resources
2017-11-07 20:13:58,915 [Worker-35] INFO  o.e.m.c.i.embedder.EclipseLogger - Using 'UTF-8' encoding to copy filtered resources.
2017-11-07 20:13:58,916 [Worker-35] INFO  o.e.m.c.i.embedder.EclipseLogger - skip non existing resourceDirectory /home/emira/git/protege-plugin-examples/src/test/resources
2017-11-07 20:14:13,319 [Worker-31] INFO  o.e.m.c.i.embedder.EclipseLogger - Using 'UTF-8' encoding to copy filtered resources.
2017-11-07 20:14:13,319 [Worker-31] INFO  o.e.m.c.i.embedder.EclipseLogger - Copying 3 resources
2017-11-07 20:14:13,328 [Worker-31] INFO  o.e.m.c.i.embedder.EclipseLogger - Using 'UTF-8' encoding to copy filtered resources.
2017-11-07 20:14:13,328 [Worker-31] INFO  o.e.m.c.i.embedder.EclipseLogger - skip non existing resourceDirectory /home/emira/git/protege-plugin-examples/src/test/resources
2017-11-07 20:15:16,541 [Worker-36] INFO  o.e.m.c.i.embedder.EclipseLogger - Using 'UTF-8' encoding to copy filtered resources.
2017-11-07 20:15:16,541 [Worker-36] INFO  o.e.m.c.i.embedder.EclipseLogger - Copying 3 resources
2017-11-07 20:15:16,545 [Worker-36] INFO  o.e.m.c.i.embedder.EclipseLogger - Using 'UTF-8' encoding to copy filtered resources.
2017-11-07 20:15:16,545 [Worker-36] INFO  o.e.m.c.i.embedder.EclipseLogger - skip non existing resourceDirectory /home/emira/git/protege-plugin-examples/src/test/resources
2017-11-07 22:00:55,446 [Worker-38] INFO  o.e.m.c.i.embedder.EclipseLogger - Using 'UTF-8' encoding to copy filtered resources.
2017-11-07 22:00:55,449 [Worker-38] INFO  o.e.m.c.i.embedder.EclipseLogger - Copying 1 resource
2017-11-07 22:00:55,477 [Worker-38] INFO  o.e.m.c.i.embedder.EclipseLogger - Using 'UTF-8' encoding to copy filtered resources.
2017-11-07 22:00:55,477 [Worker-38] INFO  o.e.m.c.i.embedder.EclipseLogger - skip non existing resourceDirectory /home/emira/git/protege-plugin-examples/src/test/resources
2017-11-07 22:08:23,356 [Worker-47] INFO  o.e.m.c.i.embedder.EclipseLogger - Using 'UTF-8' encoding to copy filtered resources.
2017-11-07 22:08:23,357 [Worker-47] INFO  o.e.m.c.i.embedder.EclipseLogger - Copying 1 resource
2017-11-07 22:08:23,359 [Worker-47] INFO  o.e.m.c.i.embedder.EclipseLogger - Using 'UTF-8' encoding to copy filtered resources.
2017-11-07 22:08:23,359 [Worker-47] INFO  o.e.m.c.i.embedder.EclipseLogger - skip non existing resourceDirectory /home/emira/git/protege-plugin-examples/src/test/resources
2017-11-07 22:09:27,441 [Worker-46] INFO  o.e.m.c.i.embedder.EclipseLogger - Using 'UTF-8' encoding to copy filtered resources.
2017-11-07 22:09:27,442 [Worker-46] INFO  o.e.m.c.i.embedder.EclipseLogger - Copying 1 resource
2017-11-07 22:09:27,447 [Worker-46] INFO  o.e.m.c.i.embedder.EclipseLogger - Using 'UTF-8' encoding to copy filtered resources.
2017-11-07 22:09:27,447 [Worker-46] INFO  o.e.m.c.i.embedder.EclipseLogger - skip non existing resourceDirectory /home/emira/git/protege-plugin-examples/src/test/resources
2017-11-07 22:32:42,157 [Worker-45] INFO  o.e.m.c.i.embedder.EclipseLogger - Using 'UTF-8' encoding to copy filtered resources.
2017-11-07 22:32:42,157 [Worker-45] INFO  o.e.m.c.i.embedder.EclipseLogger - Copying 1 resource
2017-11-07 22:32:42,158 [Worker-45] INFO  o.e.m.c.i.embedder.EclipseLogger - Using 'UTF-8' encoding to copy filtered resources.
2017-11-07 22:32:42,158 [Worker-45] INFO  o.e.m.c.i.embedder.EclipseLogger - skip non existing resourceDirectory /home/emira/git/protege-plugin-examples/src/test/resources
2017-11-07 22:35:19,710 [Worker-54] INFO  o.e.m.i.launch.MavenLaunchDelegate - /home/emira/git/protege-plugin-examples
2017-11-07 22:35:19,710 [Worker-54] INFO  o.e.m.i.launch.MavenLaunchDelegate -  mvn -B -s /home/emira/git/protege-plugin-examples Metrics
2017-11-08 13:09:23,181 [Worker-2] INFO  c.g.t.t.d.PublishedGradleVersions - Gradle version information cache is out-of-date. Trying to update.
2017-11-08 13:09:29,332 [Worker-10] INFO  o.e.m.c.i.l.LifecycleMappingFactory - Using DEFAULT lifecycle mapping for MavenProject: edu.stanford.protege:protege.plugin.examples:2.0.0-SNAPSHOT @ /home/emira/git/protege-plugin-examples/pom.xml.
2017-11-08 13:09:33,916 [Worker-10] INFO  o.e.m.c.i.embedder.EclipseLogger - Using 'UTF-8' encoding to copy filtered resources.
2017-11-08 13:09:33,931 [Worker-10] INFO  o.e.m.c.i.embedder.EclipseLogger - Copying 3 resources
2017-11-08 13:09:34,202 [Worker-10] INFO  o.e.m.c.i.embedder.EclipseLogger - Using 'UTF-8' encoding to copy filtered resources.
2017-11-08 13:09:34,203 [Worker-10] INFO  o.e.m.c.i.embedder.EclipseLogger - skip non existing resourceDirectory /home/emira/git/protege-plugin-examples/src/test/resources
2017-11-08 13:09:36,729 [Worker-14] INFO  o.e.m.c.i.l.LifecycleMappingFactory - Using DEFAULT lifecycle mapping for MavenProject: edu.stanford.protege:protege.plugin.examples:2.0.0-SNAPSHOT @ /home/emira/git/protege-plugin-examples/pom.xml.
2017-11-08 13:09:39,171 [Worker-9] INFO  o.e.m.c.i.embedder.EclipseLogger - Using 'UTF-8' encoding to copy filtered resources.
2017-11-08 13:09:39,182 [Worker-9] INFO  o.e.m.c.i.embedder.EclipseLogger - Copying 0 resource
2017-11-08 13:09:39,193 [Worker-9] INFO  o.e.m.c.i.embedder.EclipseLogger - Using 'UTF-8' encoding to copy filtered resources.
2017-11-08 13:09:39,194 [Worker-9] INFO  o.e.m.c.i.embedder.EclipseLogger - skip non existing resourceDirectory /home/emira/git/protege-plugin-examples/src/test/resources
2017-11-08 13:32:30,372 [Worker-21] INFO  o.e.m.c.i.embedder.EclipseLogger - Using 'UTF-8' encoding to copy filtered resources.
2017-11-08 13:32:30,373 [Worker-21] INFO  o.e.m.c.i.embedder.EclipseLogger - Copying 1 resource
2017-11-08 13:32:30,400 [Worker-21] INFO  o.e.m.c.i.embedder.EclipseLogger - Using 'UTF-8' encoding to copy filtered resources.
2017-11-08 13:32:30,400 [Worker-21] INFO  o.e.m.c.i.embedder.EclipseLogger - skip non existing resourceDirectory /home/emira/git/protege-plugin-examples/src/test/resources
2017-11-08 13:32:47,342 [Worker-21] INFO  o.e.m.c.i.embedder.EclipseLogger - Using 'UTF-8' encoding to copy filtered resources.
2017-11-08 13:32:47,343 [Worker-21] INFO  o.e.m.c.i.embedder.EclipseLogger - Copying 1 resource
2017-11-08 13:32:47,346 [Worker-21] INFO  o.e.m.c.i.embedder.EclipseLogger - Using 'UTF-8' encoding to copy filtered resources.
2017-11-08 13:32:47,347 [Worker-21] INFO  o.e.m.c.i.embedder.EclipseLogger - skip non existing resourceDirectory /home/emira/git/protege-plugin-examples/src/test/resources
2017-11-08 13:32:55,242 [Worker-18] INFO  o.e.m.c.i.embedder.EclipseLogger - Using 'UTF-8' encoding to copy filtered resources.
2017-11-08 13:32:55,248 [Worker-18] INFO  o.e.m.c.i.embedder.EclipseLogger - Copying 4 resources
2017-11-08 13:32:55,272 [Worker-18] INFO  o.e.m.c.i.embedder.EclipseLogger - Using 'UTF-8' encoding to copy filtered resources.
2017-11-08 13:32:55,272 [Worker-18] INFO  o.e.m.c.i.embedder.EclipseLogger - skip non existing resourceDirectory /home/emira/git/protege-plugin-examples/src/test/resources
2017-11-08 13:34:28,336 [Worker-4] INFO  o.e.m.c.i.embedder.EclipseLogger - Using 'UTF-8' encoding to copy filtered resources.
2017-11-08 13:34:28,337 [Worker-4] INFO  o.e.m.c.i.embedder.EclipseLogger - Copying 4 resources
2017-11-08 13:34:28,344 [Worker-4] INFO  o.e.m.c.i.embedder.EclipseLogger - Using 'UTF-8' encoding to copy filtered resources.
2017-11-08 13:34:28,344 [Worker-4] INFO  o.e.m.c.i.embedder.EclipseLogger - skip non existing resourceDirectory /home/emira/git/protege-plugin-examples/src/test/resources
2017-11-08 13:40:51,563 [Worker-22] INFO  o.e.m.c.i.embedder.EclipseLogger - Using 'UTF-8' encoding to copy filtered resources.
2017-11-08 13:40:51,563 [Worker-22] INFO  o.e.m.c.i.embedder.EclipseLogger - Copying 1 resource
2017-11-08 13:40:51,566 [Worker-22] INFO  o.e.m.c.i.embedder.EclipseLogger - Using 'UTF-8' encoding to copy filtered resources.
2017-11-08 13:40:51,566 [Worker-22] INFO  o.e.m.c.i.embedder.EclipseLogger - skip non existing resourceDirectory /home/emira/git/protege-plugin-examples/src/test/resources
2017-11-08 13:42:38,086 [Worker-4] INFO  o.e.m.c.i.embedder.EclipseLogger - Using 'UTF-8' encoding to copy filtered resources.
2017-11-08 13:42:38,086 [Worker-4] INFO  o.e.m.c.i.embedder.EclipseLogger - Copying 1 resource
2017-11-08 13:42:38,095 [Worker-4] INFO  o.e.m.c.i.embedder.EclipseLogger - Using 'UTF-8' encoding to copy filtered resources.
2017-11-08 13:42:38,095 [Worker-4] INFO  o.e.m.c.i.embedder.EclipseLogger - skip non existing resourceDirectory /home/emira/git/protege-plugin-examples/src/test/resources
2017-11-08 13:50:49,638 [Worker-12] INFO  o.e.m.c.i.embedder.EclipseLogger - Using 'UTF-8' encoding to copy filtered resources.
2017-11-08 13:50:49,638 [Worker-12] INFO  o.e.m.c.i.embedder.EclipseLogger - Copying 0 resource
2017-11-08 13:50:49,640 [Worker-12] INFO  o.e.m.c.i.embedder.EclipseLogger - Using 'UTF-8' encoding to copy filtered resources.
2017-11-08 13:50:49,640 [Worker-12] INFO  o.e.m.c.i.embedder.EclipseLogger - skip non existing resourceDirectory /home/emira/git/protege-plugin-examples/src/test/resources
2017-11-08 13:51:31,006 [Worker-22] INFO  o.e.m.c.i.embedder.EclipseLogger - Using 'UTF-8' encoding to copy filtered resources.
2017-11-08 13:51:31,007 [Worker-22] INFO  o.e.m.c.i.embedder.EclipseLogger - Copying 1 resource
2017-11-08 13:51:31,016 [Worker-22] INFO  o.e.m.c.i.embedder.EclipseLogger - Using 'UTF-8' encoding to copy filtered resources.
2017-11-08 13:51:31,016 [Worker-22] INFO  o.e.m.c.i.embedder.EclipseLogger - skip non existing resourceDirectory /home/emira/git/protege-plugin-examples/src/test/resources
2017-11-08 15:41:31,857 [Worker-30] INFO  o.e.m.c.i.embedder.EclipseLogger - Using 'UTF-8' encoding to copy filtered resources.
2017-11-08 15:41:31,857 [Worker-30] INFO  o.e.m.c.i.embedder.EclipseLogger - Copying 1 resource
2017-11-08 15:41:31,882 [Worker-30] INFO  o.e.m.c.i.embedder.EclipseLogger - Using 'UTF-8' encoding to copy filtered resources.
2017-11-08 15:41:31,882 [Worker-30] INFO  o.e.m.c.i.embedder.EclipseLogger - skip non existing resourceDirectory /home/emira/git/protege-plugin-examples/src/test/resources
2017-11-08 15:41:32,920 [Worker-27] INFO  o.e.m.c.i.embedder.EclipseLogger - Using 'UTF-8' encoding to copy filtered resources.
2017-11-08 15:41:32,921 [Worker-27] INFO  o.e.m.c.i.embedder.EclipseLogger - Copying 0 resource
2017-11-08 15:41:32,928 [Worker-27] INFO  o.e.m.c.i.embedder.EclipseLogger - Using 'UTF-8' encoding to copy filtered resources.
2017-11-08 15:41:32,929 [Worker-27] INFO  o.e.m.c.i.embedder.EclipseLogger - skip non existing resourceDirectory /home/emira/git/protege-plugin-examples/src/test/resources
2017-11-08 15:43:22,810 [Worker-30] INFO  o.e.m.c.i.embedder.EclipseLogger - Using 'UTF-8' encoding to copy filtered resources.
2017-11-08 15:43:22,810 [Worker-30] INFO  o.e.m.c.i.embedder.EclipseLogger - Copying 1 resource
2017-11-08 15:43:22,814 [Worker-30] INFO  o.e.m.c.i.embedder.EclipseLogger - Using 'UTF-8' encoding to copy filtered resources.
2017-11-08 15:43:22,814 [Worker-30] INFO  o.e.m.c.i.embedder.EclipseLogger - skip non existing resourceDirectory /home/emira/git/protege-plugin-examples/src/test/resources
2017-11-08 15:43:28,972 [Worker-28] INFO  o.e.m.c.i.embedder.EclipseLogger - Using 'UTF-8' encoding to copy filtered resources.
2017-11-08 15:43:28,973 [Worker-28] INFO  o.e.m.c.i.embedder.EclipseLogger - Copying 3 resources
2017-11-08 15:43:28,976 [Worker-28] INFO  o.e.m.c.i.embedder.EclipseLogger - Using 'UTF-8' encoding to copy filtered resources.
2017-11-08 15:43:28,976 [Worker-28] INFO  o.e.m.c.i.embedder.EclipseLogger - skip non existing resourceDirectory /home/emira/git/protege-plugin-examples/src/test/resources
2017-11-08 15:43:57,341 [Worker-4] INFO  o.e.m.c.i.embedder.EclipseLogger - Using 'UTF-8' encoding to copy filtered resources.
2017-11-08 15:43:57,341 [Worker-4] INFO  o.e.m.c.i.embedder.EclipseLogger - Copying 3 resources
2017-11-08 15:43:57,344 [Worker-4] INFO  o.e.m.c.i.embedder.EclipseLogger - Using 'UTF-8' encoding to copy filtered resources.
2017-11-08 15:43:57,344 [Worker-4] INFO  o.e.m.c.i.embedder.EclipseLogger - skip non existing resourceDirectory /home/emira/git/protege-plugin-examples/src/test/resources
2017-11-08 15:46:10,597 [Worker-30] INFO  o.e.m.c.i.p.ProjectConfigurationManager - Update started
2017-11-08 15:46:11,654 [Worker-30] INFO  o.e.m.c.i.l.LifecycleMappingFactory - Using DEFAULT lifecycle mapping for MavenProject: edu.stanford.protege:protege.plugin.examples:2.0.0-SNAPSHOT @ /home/emira/git/protege-plugin-examples/pom.xml.
2017-11-08 15:46:12,214 [Worker-30] INFO  o.e.m.j.i.AbstractJavaProjectConfigurator - Adding source folder /protege.plugin.examples/src/main/java
2017-11-08 15:46:12,214 [Worker-30] INFO  o.e.m.j.i.AbstractJavaProjectConfigurator - Adding resource folder /protege.plugin.examples/src/main/resources
2017-11-08 15:46:12,225 [Worker-30] INFO  o.e.m.j.i.AbstractJavaProjectConfigurator - Adding source folder /protege.plugin.examples/src/test/java
2017-11-08 15:46:12,362 [Worker-30] INFO  o.e.m.c.i.p.ProjectConfigurationManager - Update completed: 1 sec
2017-11-08 15:46:12,914 [Worker-28] INFO  o.e.m.c.i.embedder.EclipseLogger - Using 'UTF-8' encoding to copy filtered resources.
2017-11-08 15:46:12,914 [Worker-28] INFO  o.e.m.c.i.embedder.EclipseLogger - Copying 3 resources
2017-11-08 15:46:12,961 [Worker-28] INFO  o.e.m.c.i.embedder.EclipseLogger - Using 'UTF-8' encoding to copy filtered resources.
2017-11-08 15:46:12,961 [Worker-28] INFO  o.e.m.c.i.embedder.EclipseLogger - skip non existing resourceDirectory /home/emira/git/protege-plugin-examples/src/test/resources
2017-11-08 15:53:37,352 [Worker-4] INFO  o.e.m.i.launch.MavenLaunchDelegate - /home/emira/git/protege-plugin-examples
2017-11-08 15:53:37,352 [Worker-4] INFO  o.e.m.i.launch.MavenLaunchDelegate -  mvn -B clean
2017-11-08 15:53:41,563 [Worker-28] INFO  o.e.m.c.i.embedder.EclipseLogger - Using 'UTF-8' encoding to copy filtered resources.
2017-11-08 15:53:41,564 [Worker-28] INFO  o.e.m.c.i.embedder.EclipseLogger - Copying 3 resources
2017-11-08 15:53:41,576 [Worker-28] INFO  o.e.m.c.i.embedder.EclipseLogger - Using 'UTF-8' encoding to copy filtered resources.
2017-11-08 15:53:41,576 [Worker-28] INFO  o.e.m.c.i.embedder.EclipseLogger - skip non existing resourceDirectory /home/emira/git/protege-plugin-examples/src/test/resources
2017-11-08 15:54:04,446 [main] INFO  o.e.m2e.actions.ExecutePomAction - Using existing launch configuration
2017-11-08 15:54:04,531 [Worker-31] INFO  o.e.m.i.launch.MavenLaunchDelegate - /home/emira/git/protege-plugin-examples
2017-11-08 15:54:04,532 [Worker-31] INFO  o.e.m.i.launch.MavenLaunchDelegate -  mvn -B -s /home/emira/git/protege-plugin-examples Metrics
2017-11-08 15:54:13,508 [main] INFO  o.e.m2e.actions.ExecutePomAction - Creating new launch configuration
2017-11-08 15:54:53,202 [Worker-33] INFO  o.e.m.i.launch.MavenLaunchDelegate - /home/emira/git/protege-plugin-examples
2017-11-08 15:54:53,202 [Worker-33] INFO  o.e.m.i.launch.MavenLaunchDelegate -  mvn -B -s /home/emira/git/protege-plugin-examples 
2017-11-08 15:55:11,000 [Worker-31] INFO  o.e.m.i.launch.MavenLaunchDelegate - /home/emira/git/protege-plugin-examples
2017-11-08 15:55:11,000 [Worker-31] INFO  o.e.m.i.launch.MavenLaunchDelegate -  mvn -B generate-sources
2017-11-08 15:55:30,182 [Worker-4] INFO  o.e.m.c.i.p.ProjectConfigurationManager - Update started
2017-11-08 15:55:30,962 [Worker-4] INFO  o.e.m.c.i.l.LifecycleMappingFactory - Using DEFAULT lifecycle mapping for MavenProject: edu.stanford.protege:protege.plugin.examples:2.0.0-SNAPSHOT @ /home/emira/git/protege-plugin-examples/pom.xml.
2017-11-08 15:55:31,528 [Worker-4] INFO  o.e.m.j.i.AbstractJavaProjectConfigurator - Adding source folder /protege.plugin.examples/src/main/java
2017-11-08 15:55:31,528 [Worker-4] INFO  o.e.m.j.i.AbstractJavaProjectConfigurator - Adding resource folder /protege.plugin.examples/src/main/resources
2017-11-08 15:55:31,528 [Worker-4] INFO  o.e.m.j.i.AbstractJavaProjectConfigurator - Adding source folder /protege.plugin.examples/src/test/java
2017-11-08 15:55:31,656 [Worker-4] INFO  o.e.m.c.i.p.ProjectConfigurationManager - Update completed: 1 sec
2017-11-08 15:55:32,140 [Worker-28] INFO  o.e.m.c.i.embedder.EclipseLogger - Using 'UTF-8' encoding to copy filtered resources.
2017-11-08 15:55:32,140 [Worker-28] INFO  o.e.m.c.i.embedder.EclipseLogger - Copying 3 resources
2017-11-08 15:55:32,214 [Worker-28] INFO  o.e.m.c.i.embedder.EclipseLogger - Using 'UTF-8' encoding to copy filtered resources.
2017-11-08 15:55:32,214 [Worker-28] INFO  o.e.m.c.i.embedder.EclipseLogger - skip non existing resourceDirectory /home/emira/git/protege-plugin-examples/src/test/resources
2017-11-08 15:57:50,884 [Worker-34] INFO  o.e.m.i.launch.MavenLaunchDelegate - /home/emira/git/protege-plugin-examples/src/main/java/edu/stanford/bmir/protege/examples/tab
2017-11-08 15:57:50,885 [Worker-34] INFO  o.e.m.i.launch.MavenLaunchDelegate -  mvn -B 
2017-11-08 15:58:17,392 [Worker-33] INFO  o.e.m.c.i.embedder.EclipseLogger - Using 'UTF-8' encoding to copy filtered resources.
2017-11-08 15:58:17,396 [Worker-33] INFO  o.e.m.c.i.embedder.EclipseLogger - Copying 0 resource
2017-11-08 15:58:17,403 [Worker-33] INFO  o.e.m.c.i.embedder.EclipseLogger - Using 'UTF-8' encoding to copy filtered resources.
2017-11-08 15:58:17,403 [Worker-33] INFO  o.e.m.c.i.embedder.EclipseLogger - skip non existing resourceDirectory /home/emira/git/protege-plugin-examples/src/test/resources
2017-11-08 15:58:41,071 [Worker-28] INFO  o.e.m.i.launch.MavenLaunchDelegate - /home/emira/git/protege-plugin-examples
2017-11-08 15:58:41,071 [Worker-28] INFO  o.e.m.i.launch.MavenLaunchDelegate -  mvn -B -s /home/emira/git/protege-plugin-examples Metrics
2017-11-08 15:59:52,752 [Worker-33] INFO  o.e.m.i.launch.MavenLaunchDelegate - /home/emira/git/protege-plugin-examples
2017-11-08 15:59:52,752 [Worker-33] INFO  o.e.m.i.launch.MavenLaunchDelegate -  mvn -B -s /home/emira/git/protege-plugin-examples clean install
2017-11-08 16:00:11,741 [main] INFO  o.e.m2e.actions.ExecutePomAction - Creating new launch configuration
2017-11-08 16:00:52,405 [Worker-35] INFO  o.e.m.i.launch.MavenLaunchDelegate - /home/emira/git/protege-plugin-examples/src/main/java/edu/stanford/bmir/protege/examples
2017-11-08 16:00:52,406 [Worker-35] INFO  o.e.m.i.launch.MavenLaunchDelegate -  mvn -B clean install
2017-11-08 16:01:25,258 [Worker-33] INFO  o.e.m.i.launch.MavenLaunchDelegate - /home/emira/git/protege-plugin-examples
2017-11-08 16:01:25,258 [Worker-33] INFO  o.e.m.i.launch.MavenLaunchDelegate -  mvn -B clean install
2017-11-08 16:07:24,252 [Worker-4] INFO  o.e.m.c.i.embedder.EclipseLogger - Using 'UTF-8' encoding to copy filtered resources.
2017-11-08 16:07:24,252 [Worker-4] INFO  o.e.m.c.i.embedder.EclipseLogger - Copying 1 resource
2017-11-08 16:07:24,262 [Worker-4] INFO  o.e.m.c.i.embedder.EclipseLogger - Using 'UTF-8' encoding to copy filtered resources.
2017-11-08 16:07:24,262 [Worker-4] INFO  o.e.m.c.i.embedder.EclipseLogger - skip non existing resourceDirectory /home/emira/git/protege-plugin-examples/src/test/resources
2017-11-08 16:42:50,349 [Worker-4] INFO  o.e.m.c.i.embedder.EclipseLogger - Using 'UTF-8' encoding to copy filtered resources.
2017-11-08 16:42:50,349 [Worker-4] INFO  o.e.m.c.i.embedder.EclipseLogger - Copying 1 resource
2017-11-08 16:42:50,353 [Worker-4] INFO  o.e.m.c.i.embedder.EclipseLogger - Using 'UTF-8' encoding to copy filtered resources.
2017-11-08 16:42:50,353 [Worker-4] INFO  o.e.m.c.i.embedder.EclipseLogger - skip non existing resourceDirectory /home/emira/git/protege-plugin-examples/src/test/resources
2017-11-08 16:42:51,417 [Worker-4] INFO  o.e.m.c.i.embedder.EclipseLogger - Using 'UTF-8' encoding to copy filtered resources.
2017-11-08 16:42:51,418 [Worker-4] INFO  o.e.m.c.i.embedder.EclipseLogger - Copying 1 resource
2017-11-08 16:42:51,420 [Worker-4] INFO  o.e.m.c.i.embedder.EclipseLogger - Using 'UTF-8' encoding to copy filtered resources.
2017-11-08 16:42:51,420 [Worker-4] INFO  o.e.m.c.i.embedder.EclipseLogger - skip non existing resourceDirectory /home/emira/git/protege-plugin-examples/src/test/resources
2017-11-08 16:45:37,200 [Worker-4] INFO  o.e.m.c.i.embedder.EclipseLogger - Using 'UTF-8' encoding to copy filtered resources.
2017-11-08 16:45:37,201 [Worker-4] INFO  o.e.m.c.i.embedder.EclipseLogger - Copying 1 resource
2017-11-08 16:45:37,204 [Worker-4] INFO  o.e.m.c.i.embedder.EclipseLogger - Using 'UTF-8' encoding to copy filtered resources.
2017-11-08 16:45:37,204 [Worker-4] INFO  o.e.m.c.i.embedder.EclipseLogger - skip non existing resourceDirectory /home/emira/git/protege-plugin-examples/src/test/resources
